# JRE version: OpenJDK Runtime Environment Temurin-21.0.9+10 (21.0.9+10) (build 21.0.9+10-LTS)
# Java VM: OpenJDK 64-Bit Server VM Temurin-21.0.9+10 (21.0.9+10-LTS, mixed mode, sharing, tiered, compressed oops, compressed class ptrs, parallel gc, windows-amd64)
GC Precious Log:
 CardTable entry size: 512
 CPUs: 8 total, 8 available
 Memory: 7918M
 Large Page Support: Disabled
 NUMA Support: Disabled
 Compressed Oops: Enabled (32-bit)
 Alignments: Space 512K, Generation 512K, Heap 2M
 Heap Min Capacity: 100M
 Heap Initial Capacity: 100M
 Heap Max Capacity: 2G
 Pre-touch: Disabled
 Parallel Workers: 8
Heap:
 PSYoungGen      total 2048K, used 804K [0x00000000d5580000, 0x00000000d5880000, 0x0000000100000000)
  eden space 1536K, 39% used [0x00000000d5580000,0x00000000d56193e8,0x00000000d5700000)
  from space 512K, 37% used [0x00000000d5800000,0x00000000d5830000,0x00000000d5880000)
  to   space 512K, 0% used [0x00000000d5780000,0x00000000d5780000,0x00000000d5800000)
 ParOldGen       total 841216K, used 840995K [0x0000000080000000, 0x00000000b3580000, 0x00000000d5580000)
  object space 841216K, 99% used [0x0000000080000000,0x00000000b3548fd0,0x00000000b3580000)
 Metaspace       used 76692K, committed 78272K, reserved 1179648K
  class space    used 8032K, committed 8704K, reserved 1048576K
GC Heap History (20 events):
Event: 70.544 GC heap before
{Heap before GC invocations=926 (full 3):
 PSYoungGen      total 2048K, used 2019K [0x00000000d5580000, 0x00000000d5f00000, 0x0000000100000000)
  eden space 512K, 100% used [0x00000000d5580000,0x00000000d5600000,0x00000000d5600000)
  from space 1536K, 98% used [0x00000000d5980000,0x00000000d5af8f00,0x00000000d5b00000)
  to   space 3584K, 0% used [0x00000000d5600000,0x00000000d5600000,0x00000000d5980000)
 ParOldGen       total 835072K, used 834759K [0x0000000080000000, 0x00000000b2f80000, 0x00000000d5580000)
  object space 835072K, 99% used [0x0000000080000000,0x00000000b2f31d20,0x00000000b2f80000)
 Metaspace       used 76341K, committed 77888K, reserved 1179648K
  class space    used 7989K, committed 8640K, reserved 1048576K
}
Event: 70.549 GC heap after
{Heap after GC invocations=926 (full 3):
 PSYoungGen      total 1536K, used 552K [0x00000000d5580000, 0x00000000d5a00000, 0x0000000100000000)
  eden space 512K, 0% used [0x00000000d5580000,0x00000000d5580000,0x00000000d5600000)
  from space 1024K, 53% used [0x00000000d5600000,0x00000000d568a010,0x00000000d5700000)
  to   space 1536K, 0% used [0x00000000d5880000,0x00000000d5880000,0x00000000d5a00000)
 ParOldGen       total 836608K, used 836231K [0x0000000080000000, 0x00000000b3100000, 0x00000000d5580000)
  object space 836608K, 99% used [0x0000000080000000,0x00000000b30a1c10,0x00000000b3100000)
 Metaspace       used 76341K, committed 77888K, reserved 1179648K
  class space    used 7989K, committed 8640K, reserved 1048576K
}
Event: 70.553 GC heap before
{Heap before GC invocations=927 (full 3):
 PSYoungGen      total 1536K, used 1064K [0x00000000d5580000, 0x00000000d5a00000, 0x0000000100000000)
  eden space 512K, 100% used [0x00000000d5580000,0x00000000d5600000,0x00000000d5600000)
  from space 1024K, 53% used [0x00000000d5600000,0x00000000d568a010,0x00000000d5700000)
  to   space 1536K, 0% used [0x00000000d5880000,0x00000000d5880000,0x00000000d5a00000)
 ParOldGen       total 836608K, used 836231K [0x0000000080000000, 0x00000000b3100000, 0x00000000d5580000)
  object space 836608K, 99% used [0x0000000080000000,0x00000000b30a1c10,0x00000000b3100000)
 Metaspace       used 76355K, committed 77888K, reserved 1179648K
  class space    used 7992K, committed 8640K, reserved 1048576K
}
Event: 70.557 GC heap after
{Heap after GC invocations=927 (full 3):
 PSYoungGen      total 1536K, used 480K [0x00000000d5580000, 0x00000000d5900000, 0x0000000100000000)
  eden space 1024K, 0% used [0x00000000d5580000,0x00000000d5580000,0x00000000d5680000)
  from space 512K, 93% used [0x00000000d5880000,0x00000000d58f8000,0x00000000d5900000)
  to   space 1024K, 0% used [0x00000000d5700000,0x00000000d5700000,0x00000000d5800000)
 ParOldGen       total 837120K, used 836675K [0x0000000080000000, 0x00000000b3180000, 0x00000000d5580000)
  object space 837120K, 99% used [0x0000000080000000,0x00000000b3110cb0,0x00000000b3180000)
 Metaspace       used 76355K, committed 77888K, reserved 1179648K
  class space    used 7992K, committed 8640K, reserved 1048576K
}
Event: 70.563 GC heap before
{Heap before GC invocations=928 (full 3):
 PSYoungGen      total 1536K, used 1454K [0x00000000d5580000, 0x00000000d5900000, 0x0000000100000000)
  eden space 1024K, 95% used [0x00000000d5580000,0x00000000d5673908,0x00000000d5680000)
  from space 512K, 93% used [0x00000000d5880000,0x00000000d58f8000,0x00000000d5900000)
  to   space 1024K, 0% used [0x00000000d5700000,0x00000000d5700000,0x00000000d5800000)
 ParOldGen       total 837120K, used 836675K [0x0000000080000000, 0x00000000b3180000, 0x00000000d5580000)
  object space 837120K, 99% used [0x0000000080000000,0x00000000b3110cb0,0x00000000b3180000)
 Metaspace       used 76374K, committed 77888K, reserved 1179648K
  class space    used 7994K, committed 8640K, reserved 1048576K
}
Event: 70.566 GC heap after
{Heap after GC invocations=928 (full 3):
 PSYoungGen      total 2560K, used 871K [0x00000000d5580000, 0x00000000d5900000, 0x0000000100000000)
  eden space 1536K, 0% used [0x00000000d5580000,0x00000000d5580000,0x00000000d5700000)
  from space 1024K, 85% used [0x00000000d5700000,0x00000000d57d9e20,0x00000000d5800000)
  to   space 1024K, 0% used [0x00000000d5800000,0x00000000d5800000,0x00000000d5900000)
 ParOldGen       total 837120K, used 837041K [0x0000000080000000, 0x00000000b3180000, 0x00000000d5580000)
  object space 837120K, 99% used [0x0000000080000000,0x00000000b316c410,0x00000000b3180000)
 Metaspace       used 76374K, committed 77888K, reserved 1179648K
  class space    used 7994K, committed 8640K, reserved 1048576K
}
Event: 70.580 GC heap before
{Heap before GC invocations=929 (full 3):
 PSYoungGen      total 2560K, used 2407K [0x00000000d5580000, 0x00000000d5900000, 0x0000000100000000)
  eden space 1536K, 100% used [0x00000000d5580000,0x00000000d5700000,0x00000000d5700000)
  from space 1024K, 85% used [0x00000000d5700000,0x00000000d57d9e20,0x00000000d5800000)
  to   space 1024K, 0% used [0x00000000d5800000,0x00000000d5800000,0x00000000d5900000)
 ParOldGen       total 837120K, used 837041K [0x0000000080000000, 0x00000000b3180000, 0x00000000d5580000)
  object space 837120K, 99% used [0x0000000080000000,0x00000000b316c410,0x00000000b3180000)
 Metaspace       used 76388K, committed 77888K, reserved 1179648K
  class space    used 7994K, committed 8640K, reserved 1048576K
}
Event: 70.584 GC heap after
{Heap after GC invocations=929 (full 3):
 PSYoungGen      total 1536K, used 1015K [0x00000000d5580000, 0x00000000d5c80000, 0x0000000100000000)
  eden space 512K, 0% used [0x00000000d5580000,0x00000000d5580000,0x00000000d5600000)
  from space 1024K, 99% used [0x00000000d5800000,0x00000000d58fde10,0x00000000d5900000)
  to   space 2048K, 0% used [0x00000000d5600000,0x00000000d5600000,0x00000000d5800000)
 ParOldGen       total 838144K, used 838073K [0x0000000080000000, 0x00000000b3280000, 0x00000000d5580000)
  object space 838144K, 99% used [0x0000000080000000,0x00000000b326e518,0x00000000b3280000)
 Metaspace       used 76388K, committed 77888K, reserved 1179648K
  class space    used 7994K, committed 8640K, reserved 1048576K
}
Event: 70.587 GC heap before
{Heap before GC invocations=930 (full 3):
 PSYoungGen      total 1536K, used 1527K [0x00000000d5580000, 0x00000000d5c80000, 0x0000000100000000)
  eden space 512K, 100% used [0x00000000d5580000,0x00000000d5600000,0x00000000d5600000)
  from space 1024K, 99% used [0x00000000d5800000,0x00000000d58fde10,0x00000000d5900000)
  to   space 2048K, 0% used [0x00000000d5600000,0x00000000d5600000,0x00000000d5800000)
 ParOldGen       total 838144K, used 838073K [0x0000000080000000, 0x00000000b3280000, 0x00000000d5580000)
  object space 838144K, 99% used [0x0000000080000000,0x00000000b326e518,0x00000000b3280000)
 Metaspace       used 76389K, committed 77952K, reserved 1179648K
  class space    used 7994K, committed 8640K, reserved 1048576K
}
Event: 70.590 GC heap after
{Heap after GC invocations=930 (full 3):
 PSYoungGen      total 2560K, used 480K [0x00000000d5580000, 0x00000000d5980000, 0x0000000100000000)
  eden space 512K, 0% used [0x00000000d5580000,0x00000000d5580000,0x00000000d5600000)
  from space 2048K, 23% used [0x00000000d5600000,0x00000000d5678000,0x00000000d5800000)
  to   space 1536K, 0% used [0x00000000d5800000,0x00000000d5800000,0x00000000d5980000)
 ParOldGen       total 839168K, used 839091K [0x0000000080000000, 0x00000000b3380000, 0x00000000d5580000)
  object space 839168K, 99% used [0x0000000080000000,0x00000000b336ce08,0x00000000b3380000)
 Metaspace       used 76389K, committed 77952K, reserved 1179648K
  class space    used 7994K, committed 8640K, reserved 1048576K
}
Event: 70.597 GC heap before
{Heap before GC invocations=931 (full 3):
 PSYoungGen      total 2560K, used 992K [0x00000000d5580000, 0x00000000d5980000, 0x0000000100000000)
  eden space 512K, 100% used [0x00000000d5580000,0x00000000d5600000,0x00000000d5600000)
  from space 2048K, 23% used [0x00000000d5600000,0x00000000d5678000,0x00000000d5800000)
  to   space 1536K, 0% used [0x00000000d5800000,0x00000000d5800000,0x00000000d5980000)
 ParOldGen       total 839168K, used 839091K [0x0000000080000000, 0x00000000b3380000, 0x00000000d5580000)
  object space 839168K, 99% used [0x0000000080000000,0x00000000b336ce08,0x00000000b3380000)
 Metaspace       used 76389K, committed 77952K, reserved 1179648K
  class space    used 7994K, committed 8640K, reserved 1048576K
}
Event: 70.601 GC heap after
{Heap after GC invocations=931 (full 3):
 PSYoungGen      total 1536K, used 512K [0x00000000d5580000, 0x00000000d5880000, 0x0000000100000000)
  eden space 1024K, 0% used [0x00000000d5580000,0x00000000d5580000,0x00000000d5680000)
  from space 512K, 100% used [0x00000000d5800000,0x00000000d5880000,0x00000000d5880000)
  to   space 1024K, 0% used [0x00000000d5680000,0x00000000d5680000,0x00000000d5780000)
 ParOldGen       total 839680K, used 839529K [0x0000000080000000, 0x00000000b3400000, 0x00000000d5580000)
  object space 839680K, 99% used [0x0000000080000000,0x00000000b33da6f0,0x00000000b3400000)
 Metaspace       used 76389K, committed 77952K, reserved 1179648K
  class space    used 7994K, committed 8640K, reserved 1048576K
}
Event: 70.614 GC heap before
{Heap before GC invocations=932 (full 3):
 PSYoungGen      total 1536K, used 1536K [0x00000000d5580000, 0x00000000d5880000, 0x0000000100000000)
  eden space 1024K, 100% used [0x00000000d5580000,0x00000000d5680000,0x00000000d5680000)
  from space 512K, 100% used [0x00000000d5800000,0x00000000d5880000,0x00000000d5880000)
  to   space 1024K, 0% used [0x00000000d5680000,0x00000000d5680000,0x00000000d5780000)
 ParOldGen       total 839680K, used 839529K [0x0000000080000000, 0x00000000b3400000, 0x00000000d5580000)
  object space 839680K, 99% used [0x0000000080000000,0x00000000b33da6f0,0x00000000b3400000)
 Metaspace       used 76402K, committed 77952K, reserved 1179648K
  class space    used 7995K, committed 8640K, reserved 1048576K
}
Event: 70.618 GC heap after
{Heap after GC invocations=932 (full 3):
 PSYoungGen      total 2048K, used 800K [0x00000000d5580000, 0x00000000d5900000, 0x0000000100000000)
  eden space 1024K, 0% used [0x00000000d5580000,0x00000000d5580000,0x00000000d5680000)
  from space 1024K, 78% used [0x00000000d5680000,0x00000000d5748000,0x00000000d5780000)
  to   space 1024K, 0% used [0x00000000d5800000,0x00000000d5800000,0x00000000d5900000)
 ParOldGen       total 840192K, used 839933K [0x0000000080000000, 0x00000000b3480000, 0x00000000d5580000)
  object space 840192K, 99% used [0x0000000080000000,0x00000000b343f4e0,0x00000000b3480000)
 Metaspace       used 76402K, committed 77952K, reserved 1179648K
  class space    used 7995K, committed 8640K, reserved 1048576K
}
Event: 73.754 GC heap before
{Heap before GC invocations=933 (full 3):
 PSYoungGen      total 2048K, used 1824K [0x00000000d5580000, 0x00000000d5900000, 0x0000000100000000)
  eden space 1024K, 100% used [0x00000000d5580000,0x00000000d5680000,0x00000000d5680000)
  from space 1024K, 78% used [0x00000000d5680000,0x00000000d5748000,0x00000000d5780000)
  to   space 1024K, 0% used [0x00000000d5800000,0x00000000d5800000,0x00000000d5900000)
 ParOldGen       total 840192K, used 839933K [0x0000000080000000, 0x00000000b3480000, 0x00000000d5580000)
  object space 840192K, 99% used [0x0000000080000000,0x00000000b343f4e0,0x00000000b3480000)
 Metaspace       used 76429K, committed 77952K, reserved 1179648K
  class space    used 7998K, committed 8640K, reserved 1048576K
}
Event: 73.759 GC heap after
{Heap after GC invocations=933 (full 3):
 PSYoungGen      total 2560K, used 416K [0x00000000d5580000, 0x00000000d5900000, 0x0000000100000000)
  eden space 1536K, 0% used [0x00000000d5580000,0x00000000d5580000,0x00000000d5700000)
  from space 1024K, 40% used [0x00000000d5800000,0x00000000d5868000,0x00000000d5900000)
  to   space 1024K, 0% used [0x00000000d5700000,0x00000000d5700000,0x00000000d5800000)
 ParOldGen       total 840704K, used 840611K [0x0000000080000000, 0x00000000b3500000, 0x00000000d5580000)
  object space 840704K, 99% used [0x0000000080000000,0x00000000b34e8fd0,0x00000000b3500000)
 Metaspace       used 76429K, committed 77952K, reserved 1179648K
  class space    used 7998K, committed 8640K, reserved 1048576K
}
Event: 73.904 GC heap before
{Heap before GC invocations=934 (full 3):
 PSYoungGen      total 2560K, used 1951K [0x00000000d5580000, 0x00000000d5900000, 0x0000000100000000)
  eden space 1536K, 99% used [0x00000000d5580000,0x00000000d56fffe8,0x00000000d5700000)
  from space 1024K, 40% used [0x00000000d5800000,0x00000000d5868000,0x00000000d5900000)
  to   space 1024K, 0% used [0x00000000d5700000,0x00000000d5700000,0x00000000d5800000)
 ParOldGen       total 840704K, used 840611K [0x0000000080000000, 0x00000000b3500000, 0x00000000d5580000)
  object space 840704K, 99% used [0x0000000080000000,0x00000000b34e8fd0,0x00000000b3500000)
 Metaspace       used 76558K, committed 78080K, reserved 1179648K
  class space    used 8013K, committed 8640K, reserved 1048576K
}
Event: 73.908 GC heap after
{Heap after GC invocations=934 (full 3):
 PSYoungGen      total 2560K, used 192K [0x00000000d5580000, 0x00000000d5880000, 0x0000000100000000)
  eden space 1536K, 0% used [0x00000000d5580000,0x00000000d5580000,0x00000000d5700000)
  from space 1024K, 18% used [0x00000000d5700000,0x00000000d5730000,0x00000000d5800000)
  to   space 512K, 0% used [0x00000000d5800000,0x00000000d5800000,0x00000000d5880000)
 ParOldGen       total 841216K, used 840923K [0x0000000080000000, 0x00000000b3580000, 0x00000000d5580000)
  object space 841216K, 99% used [0x0000000080000000,0x00000000b3536fd0,0x00000000b3580000)
 Metaspace       used 76558K, committed 78080K, reserved 1179648K
  class space    used 8013K, committed 8640K, reserved 1048576K
}
Event: 75.770 GC heap before
{Heap before GC invocations=935 (full 3):
 PSYoungGen      total 2560K, used 1727K [0x00000000d5580000, 0x00000000d5880000, 0x0000000100000000)
  eden space 1536K, 99% used [0x00000000d5580000,0x00000000d56fffe8,0x00000000d5700000)
  from space 1024K, 18% used [0x00000000d5700000,0x00000000d5730000,0x00000000d5800000)
  to   space 512K, 0% used [0x00000000d5800000,0x00000000d5800000,0x00000000d5880000)
 ParOldGen       total 841216K, used 840923K [0x0000000080000000, 0x00000000b3580000, 0x00000000d5580000)
  object space 841216K, 99% used [0x0000000080000000,0x00000000b3536fd0,0x00000000b3580000)
 Metaspace       used 76677K, committed 78272K, reserved 1179648K
  class space    used 8029K, committed 8704K, reserved 1048576K
}
Event: 75.777 GC heap after
{Heap after GC invocations=935 (full 3):
 PSYoungGen      total 2048K, used 192K [0x00000000d5580000, 0x00000000d5880000, 0x0000000100000000)
  eden space 1536K, 0% used [0x00000000d5580000,0x00000000d5580000,0x00000000d5700000)
  from space 512K, 37% used [0x00000000d5800000,0x00000000d5830000,0x00000000d5880000)
  to   space 512K, 0% used [0x00000000d5780000,0x00000000d5780000,0x00000000d5800000)
 ParOldGen       total 841216K, used 840995K [0x0000000080000000, 0x00000000b3580000, 0x00000000d5580000)
  object space 841216K, 99% used [0x0000000080000000,0x00000000b3548fd0,0x00000000b3580000)
 Metaspace       used 76677K, committed 78272K, reserved 1179648K
  class space    used 8029K, committed 8704K, reserved 1048576K
}

